[2025-10-23 15:08:29.930] [info] Queen C++ Message Queue Server (Acceptor/Worker Pattern)
[2025-10-23 15:08:29.930] [info] Configuration:
[2025-10-23 15:08:29.930] [info]   - Host: 0.0.0.0
[2025-10-23 15:08:29.930] [info]   - Port: 6632
[2025-10-23 15:08:29.930] [info]   - Database: localhost:5432/postgres
[2025-10-23 15:08:29.930] [info]   - Pattern: Acceptor distributes to workers (cross-platform)
[2025-10-23 15:08:29.931] [warning] Encryption disabled - QUEEN_ENCRYPTION_KEY not set
[2025-10-23 15:08:29.931] [info] Encryption: disabled
[2025-10-23 15:08:29.931] [info] Starting acceptor/worker pattern with 10 workers (hardware cores: 10)
[2025-10-23 15:08:29.931] [info] [Worker 0] Starting...
[2025-10-23 15:08:29.931] [info] [Worker 1] Starting...
[2025-10-23 15:08:29.931] [info] [Worker 4] Starting...
[2025-10-23 15:08:29.931] [info] [Worker 3] Starting...
[2025-10-23 15:08:29.931] [info] [Worker 7] Starting...
[2025-10-23 15:08:29.931] [info] [Worker 8] Starting...
[2025-10-23 15:08:29.931] [info] [Worker 9] Starting...
[2025-10-23 15:08:29.931] [info] [Worker 2] Starting...
[2025-10-23 15:08:29.931] [info] [Worker 5] Starting...
[2025-10-23 15:08:29.931] [info] Waiting for workers to initialize...
[2025-10-23 15:08:29.931] [info] [Worker 6] Starting...
[2025-10-23 15:08:30.183] [error] Failed to create initial database connection: Failed to connect to database: connection to server at "localhost" (::1), port 5432 failed: FATAL:  sorry, too many clients already

[2025-10-23 15:08:30.184] [error] Failed to create initial database connection: Failed to connect to database: connection to server at "localhost" (::1), port 5432 failed: FATAL:  sorry, too many clients already

[2025-10-23 15:08:30.185] [error] Failed to create initial database connection: Failed to connect to database: connection to server at "localhost" (::1), port 5432 failed: FATAL:  sorry, too many clients already

[2025-10-23 15:08:30.188] [error] Failed to create initial database connection: Failed to connect to database: connection to server at "localhost" (::1), port 5432 failed: FATAL:  sorry, too many clients already

[2025-10-23 15:08:30.189] [error] Failed to create initial database connection: Failed to connect to database: connection to server at "localhost" (::1), port 5432 failed: FATAL:  sorry, too many clients already

[2025-10-23 15:08:30.190] [error] Failed to create initial database connection: Failed to connect to database: connection to server at "localhost" (::1), port 5432 failed: FATAL:  sorry, too many clients already

[2025-10-23 15:08:30.190] [error] Failed to create initial database connection: Failed to connect to database: connection to server at "localhost" (::1), port 5432 failed: FATAL:  sorry, too many clients already

[2025-10-23 15:08:30.191] [error] Failed to create initial database connection: Failed to connect to database: connection to server at "localhost" (::1), port 5432 failed: FATAL:  sorry, too many clients already

[2025-10-23 15:08:30.191] [error] Failed to create initial database connection: Failed to connect to database: connection to server at "localhost" (::1), port 5432 failed: FATAL:  sorry, too many clients already

[2025-10-23 15:08:30.191] [error] Failed to create initial database connection: Failed to connect to database: connection to server at "localhost" (::1), port 5432 failed: FATAL:  sorry, too many clients already

[2025-10-23 15:08:30.193] [error] Failed to create initial database connection: Failed to connect to database: connection to server at "localhost" (::1), port 5432 failed: FATAL:  sorry, too many clients already

[2025-10-23 15:08:30.193] [error] Failed to create initial database connection: Failed to connect to database: connection to server at "localhost" (::1), port 5432 failed: FATAL:  sorry, too many clients already

[2025-10-23 15:08:30.194] [error] Failed to create initial database connection: Failed to connect to database: connection to server at "localhost" (::1), port 5432 failed: FATAL:  sorry, too many clients already

[2025-10-23 15:08:30.194] [error] Failed to create initial database connection: Failed to connect to database: connection to server at "localhost" (::1), port 5432 failed: FATAL:  sorry, too many clients already

[2025-10-23 15:08:30.194] [error] Failed to create initial database connection: Failed to connect to database: connection to server at "localhost" (::1), port 5432 failed: FATAL:  sorry, too many clients already

[2025-10-23 15:08:30.195] [error] Failed to create initial database connection: Failed to connect to database: connection to server at "localhost" (::1), port 5432 failed: FATAL:  sorry, too many clients already

[2025-10-23 15:08:30.196] [error] Failed to create initial database connection: Failed to connect to database: connection to server at "localhost" (::1), port 5432 failed: FATAL:  sorry, too many clients already

[2025-10-23 15:08:30.196] [error] Failed to create initial database connection: Failed to connect to database: connection to server at "localhost" (::1), port 5432 failed: FATAL:  sorry, too many clients already

[2025-10-23 15:08:30.196] [error] Failed to create initial database connection: Failed to connect to database: connection to server at "localhost" (::1), port 5432 failed: FATAL:  sorry, too many clients already

[2025-10-23 15:08:30.196] [error] Failed to create initial database connection: Failed to connect to database: connection to server at "localhost" (::1), port 5432 failed: FATAL:  sorry, too many clients already

[2025-10-23 15:08:30.196] [error] Failed to create initial database connection: Failed to connect to database: connection to server at "localhost" (::1), port 5432 failed: FATAL:  sorry, too many clients already

[2025-10-23 15:08:30.197] [error] Failed to create initial database connection: Failed to connect to database: connection to server at "localhost" (::1), port 5432 failed: FATAL:  sorry, too many clients already

[2025-10-23 15:08:30.198] [error] Failed to create initial database connection: Failed to connect to database: connection to server at "localhost" (::1), port 5432 failed: FATAL:  sorry, too many clients already

[2025-10-23 15:08:30.198] [error] Failed to create initial database connection: Failed to connect to database: connection to server at "localhost" (::1), port 5432 failed: FATAL:  sorry, too many clients already

[2025-10-23 15:08:30.198] [error] Failed to create initial database connection: Failed to connect to database: connection to server at "localhost" (::1), port 5432 failed: FATAL:  sorry, too many clients already

[2025-10-23 15:08:30.199] [error] Failed to create initial database connection: Failed to connect to database: connection to server at "localhost" (::1), port 5432 failed: FATAL:  sorry, too many clients already

[2025-10-23 15:08:30.199] [info] Database pool initialized with 10/15 connections (acquisition timeout: 10000ms, statement timeout: 30000ms)
[2025-10-23 15:08:30.199] [error] Failed to create initial database connection: Failed to connect to database: connection to server at "localhost" (::1), port 5432 failed: FATAL:  sorry, too many clients already

[2025-10-23 15:08:30.199] [error] Failed to create initial database connection: Failed to connect to database: connection to server at "localhost" (::1), port 5432 failed: FATAL:  sorry, too many clients already

[2025-10-23 15:08:30.199] [error] Failed to create initial database connection: Failed to connect to database: connection to server at "localhost" (::1), port 5432 failed: FATAL:  sorry, too many clients already

[2025-10-23 15:08:30.199] [error] Failed to create initial database connection: Failed to connect to database: connection to server at "localhost" (::1), port 5432 failed: FATAL:  sorry, too many clients already

[2025-10-23 15:08:30.199] [info] Database pool initialized with 10/15 connections (acquisition timeout: 10000ms, statement timeout: 30000ms)
[2025-10-23 15:08:30.200] [error] Failed to create initial database connection: Failed to connect to database: connection to server at "localhost" (::1), port 5432 failed: FATAL:  sorry, too many clients already

[2025-10-23 15:08:30.200] [error] Failed to create initial database connection: Failed to connect to database: connection to server at "localhost" (::1), port 5432 failed: FATAL:  sorry, too many clients already

[2025-10-23 15:08:30.200] [info] Pool below target (10/15), attempting to create 5 connections
[2025-10-23 15:08:30.200] [info] Pool below target (10/15), attempting to create 5 connections
[2025-10-23 15:08:30.201] [error] Failed to create initial database connection: Failed to connect to database: connection to server at "localhost" (::1), port 5432 failed: FATAL:  sorry, too many clients already

[2025-10-23 15:08:30.201] [info] Database pool initialized with 9/15 connections (acquisition timeout: 10000ms, statement timeout: 30000ms)
[2025-10-23 15:08:30.201] [error] Failed to create initial database connection: Failed to connect to database: connection to server at "localhost" (::1), port 5432 failed: FATAL:  sorry, too many clients already

[2025-10-23 15:08:30.201] [error] Failed to create initial database connection: Failed to connect to database: connection to server at "localhost" (::1), port 5432 failed: FATAL:  sorry, too many clients already

[2025-10-23 15:08:30.202] [info] Pool below target (9/15), attempting to create 6 connections
[2025-10-23 15:08:30.203] [error] Failed to create initial database connection: Failed to connect to database: connection to server at "localhost" (::1), port 5432 failed: FATAL:  sorry, too many clients already

[2025-10-23 15:08:30.203] [info] Database pool initialized with 10/15 connections (acquisition timeout: 10000ms, statement timeout: 30000ms)
[2025-10-23 15:08:30.203] [error] Failed to create initial database connection: Failed to connect to database: connection to server at "localhost" (::1), port 5432 failed: FATAL:  sorry, too many clients already

[2025-10-23 15:08:30.204] [error] Failed to create initial database connection: Failed to connect to database: connection to server at "localhost" (::1), port 5432 failed: FATAL:  sorry, too many clients already

[2025-10-23 15:08:30.204] [info] Pool below target (10/15), attempting to create 5 connections
[2025-10-23 15:08:30.205] [error] Failed to create initial database connection: Failed to connect to database: connection to server at "localhost" (::1), port 5432 failed: FATAL:  sorry, too many clients already

[2025-10-23 15:08:30.205] [error] Failed to create initial database connection: Failed to connect to database: connection to server at "localhost" (::1), port 5432 failed: FATAL:  sorry, too many clients already

[2025-10-23 15:08:30.205] [error] Failed to create initial database connection: Failed to connect to database: connection to server at "localhost" (::1), port 5432 failed: FATAL:  sorry, too many clients already

[2025-10-23 15:08:30.205] [info] [Worker 2] Database connection: OK | Pool: 10/10 conn available
[2025-10-23 15:08:30.205] [info] [Worker 2] Waiting for shared file buffer from Worker 0...
[2025-10-23 15:08:30.205] [error] Failed to create initial database connection: Failed to connect to database: connection to server at "localhost" (::1), port 5432 failed: FATAL:  sorry, too many clients already

[2025-10-23 15:08:30.206] [info] [Worker 1] Database connection: OK | Pool: 10/10 conn available
[2025-10-23 15:08:30.206] [info] [Worker 1] Waiting for shared file buffer from Worker 0...
[2025-10-23 15:08:30.206] [info] [Worker 8] Database connection: OK | Pool: 9/9 conn available
[2025-10-23 15:08:30.206] [info] [Worker 8] Waiting for shared file buffer from Worker 0...
[2025-10-23 15:08:30.207] [error] Failed to create initial database connection: Failed to connect to database: connection to server at "localhost" (::1), port 5432 failed: FATAL:  sorry, too many clients already

[2025-10-23 15:08:30.207] [info] Database pool initialized with 10/15 connections (acquisition timeout: 10000ms, statement timeout: 30000ms)
[2025-10-23 15:08:30.207] [info] [Worker 6] Database connection: OK | Pool: 10/10 conn available
[2025-10-23 15:08:30.207] [info] [Worker 6] Waiting for shared file buffer from Worker 0...
[2025-10-23 15:08:30.207] [error] Failed to create initial database connection: Failed to connect to database: connection to server at "localhost" (::1), port 5432 failed: FATAL:  sorry, too many clients already

[2025-10-23 15:08:30.207] [info] Pool below target (10/15), attempting to create 5 connections
[2025-10-23 15:08:30.207] [error] Failed to create initial database connection: Failed to connect to database: connection to server at "localhost" (::1), port 5432 failed: FATAL:  sorry, too many clients already

[2025-10-23 15:08:30.208] [error] Failed to create initial database connection: Failed to connect to database: connection to server at "localhost" (::1), port 5432 failed: FATAL:  sorry, too many clients already

[2025-10-23 15:08:30.208] [info] Database pool initialized with 10/15 connections (acquisition timeout: 10000ms, statement timeout: 30000ms)
[2025-10-23 15:08:30.208] [error] Failed to create initial database connection: Failed to connect to database: connection to server at "localhost" (::1), port 5432 failed: FATAL:  sorry, too many clients already

[2025-10-23 15:08:30.208] [error] Failed to create initial database connection: Failed to connect to database: connection to server at "localhost" (::1), port 5432 failed: FATAL:  sorry, too many clients already

[2025-10-23 15:08:30.208] [info] Database pool initialized with 10/15 connections (acquisition timeout: 10000ms, statement timeout: 30000ms)
[2025-10-23 15:08:30.208] [info] Pool below target (10/15), attempting to create 5 connections
[2025-10-23 15:08:30.209] [info] Pool below target (10/15), attempting to create 5 connections
[2025-10-23 15:08:30.209] [error] Failed to create initial database connection: Failed to connect to database: connection to server at "localhost" (::1), port 5432 failed: FATAL:  sorry, too many clients already

[2025-10-23 15:08:30.209] [info] Database pool initialized with 10/15 connections (acquisition timeout: 10000ms, statement timeout: 30000ms)
[2025-10-23 15:08:30.209] [info] [Worker 3] Database connection: OK | Pool: 10/10 conn available
[2025-10-23 15:08:30.209] [info] [Worker 3] Waiting for shared file buffer from Worker 0...
[2025-10-23 15:08:30.210] [error] Failed to create initial database connection: Failed to connect to database: connection to server at "localhost" (::1), port 5432 failed: FATAL:  sorry, too many clients already

[2025-10-23 15:08:30.210] [info] Database pool initialized with 10/15 connections (acquisition timeout: 10000ms, statement timeout: 30000ms)
[2025-10-23 15:08:30.210] [error] Failed to create initial database connection: Failed to connect to database: connection to server at "localhost" (::1), port 5432 failed: FATAL:  sorry, too many clients already

[2025-10-23 15:08:30.210] [info] Pool below target (10/15), attempting to create 5 connections
[2025-10-23 15:08:30.210] [info] Pool below target (10/15), attempting to create 5 connections
[2025-10-23 15:08:30.210] [info] [Worker 5] Database connection: OK | Pool: 10/10 conn available
[2025-10-23 15:08:30.211] [info] [Worker 5] Waiting for shared file buffer from Worker 0...
[2025-10-23 15:08:30.211] [info] [Worker 4] Database connection: OK | Pool: 10/10 conn available
[2025-10-23 15:08:30.211] [info] [Worker 4] Waiting for shared file buffer from Worker 0...
[2025-10-23 15:08:30.211] [error] Failed to create initial database connection: Failed to connect to database: connection to server at "localhost" (::1), port 5432 failed: FATAL:  sorry, too many clients already

[2025-10-23 15:08:30.211] [info] Database pool initialized with 9/15 connections (acquisition timeout: 10000ms, statement timeout: 30000ms)
[2025-10-23 15:08:30.211] [info] [Worker 9] Database connection: OK | Pool: 10/10 conn available
[2025-10-23 15:08:30.211] [info] [Worker 9] Waiting for shared file buffer from Worker 0...
[2025-10-23 15:08:30.211] [info] [Worker 0] Database connection: OK | Pool: 10/10 conn available
[2025-10-23 15:08:30.211] [info] [Worker 0] Initializing database schema...
[2025-10-23 15:08:30.212] [info] Pool below target (9/15), attempting to create 6 connections
NOTICE:  schema "queen" already exists, skipping
NOTICE:  relation "queues" already exists, skipping
NOTICE:  relation "partitions" already exists, skipping
NOTICE:  relation "messages" already exists, skipping
NOTICE:  relation "partition_consumers" already exists, skipping
NOTICE:  relation "messages_consumed" already exists, skipping
NOTICE:  relation "dead_letter_queue" already exists, skipping
NOTICE:  relation "retention_history" already exists, skipping
[2025-10-23 15:08:30.213] [info] [Worker 7] Database connection: OK | Pool: 9/9 conn available
[2025-10-23 15:08:30.213] [info] [Worker 7] Waiting for shared file buffer from Worker 0...
NOTICE:  relation "idx_queues_name" already exists, skipping
NOTICE:  relation "idx_queues_priority" already exists, skipping
NOTICE:  relation "idx_queues_namespace" already exists, skipping
NOTICE:  relation "idx_queues_task" already exists, skipping
NOTICE:  relation "idx_queues_namespace_task" already exists, skipping
NOTICE:  relation "idx_queues_retention_enabled" already exists, skipping
NOTICE:  relation "idx_partitions_queue_name" already exists, skipping
NOTICE:  relation "idx_partitions_last_activity" already exists, skipping
NOTICE:  relation "idx_messages_partition_created_id" already exists, skipping
NOTICE:  relation "idx_messages_transaction_id" already exists, skipping
NOTICE:  relation "idx_messages_trace_id" already exists, skipping
NOTICE:  relation "idx_messages_created_at" already exists, skipping
NOTICE:  relation "idx_partition_consumers_lookup" already exists, skipping
NOTICE:  relation "idx_partition_consumers_active_leases" already exists, skipping
NOTICE:  relation "idx_partition_consumers_expired_leases" already exists, skipping
NOTICE:  relation "idx_partition_consumers_progress" already exists, skipping
NOTICE:  relation "idx_partition_consumers_idle" already exists, skipping
NOTICE:  relation "idx_partition_consumers_consumer_group" already exists, skipping
NOTICE:  relation "idx_messages_consumed_acked_at" already exists, skipping
NOTICE:  relation "idx_messages_consumed_partition_acked" already exists, skipping
NOTICE:  relation "idx_messages_consumed_consumer_acked" already exists, skipping
NOTICE:  relation "idx_messages_consumed_partition_id" already exists, skipping
NOTICE:  relation "idx_dlq_partition" already exists, skipping
NOTICE:  relation "idx_dlq_consumer_group" already exists, skipping
NOTICE:  relation "idx_dlq_failed_at" already exists, skipping
NOTICE:  relation "idx_dlq_message_consumer" already exists, skipping
NOTICE:  relation "idx_retention_history_partition" already exists, skipping
NOTICE:  relation "idx_retention_history_executed" already exists, skipping
[2025-10-23 15:08:30.215] [info] Database indexes created successfully
[2025-10-23 15:08:30.222] [info] Database triggers created successfully
[2025-10-23 15:08:30.222] [info] Database schema V3 initialized successfully (tables, indexes, triggers)
[2025-10-23 15:08:30.222] [info] Pool below target (10/15), attempting to create 5 connections
[2025-10-23 15:08:30.223] [info] [Worker 0] Creating SHARED file buffer manager (dir=/tmp/queen)...
[2025-10-23 15:08:30.223] [info] FileBufferManager initializing: dir=/tmp/queen, recovery=true
[2025-10-23 15:08:30.223] [info] Buffer directories ready: /tmp/queen
[2025-10-23 15:08:30.223] [info] Starting recovery of buffered events...
[2025-10-23 15:08:30.224] [info] Deleting incomplete buffer file: failover_019a112d-a1a3-7001-8a27-5341dff790be.buf.tmp (only 0 bytes)
[2025-10-23 15:08:30.224] [info] Deleting incomplete buffer file: qos0_019a112d-a1a3-7000-81ca-04834f8edc78.buf.tmp (only 0 bytes)
[2025-10-23 15:08:30.224] [info] Starting recovery (max 3600s to avoid blocking server startup)...
[2025-10-23 15:08:30.224] [info] Phase 1: Recovering failover events (FIFO order)...
[2025-10-23 15:08:30.224] [info] Phase 2: Recovering QoS 0 events (batched)...
[2025-10-23 15:08:30.224] [info] Startup recovery completed in 0ms: failover=0, qos0=0
[2025-10-23 15:08:30.224] [info] Recovery complete
[2025-10-23 15:08:30.224] [info] Buffer files initialized successfully
[2025-10-23 15:08:30.224] [info] FileBufferManager ready
[2025-10-23 15:08:30.224] [info] [Worker 0] File buffer ready - Pending: 0, Failed: 0, DB: healthy
[2025-10-23 15:08:30.224] [info] [Worker 0] Sharing file buffer with other workers...
[2025-10-23 15:08:30.224] [info] Background processor thread started
[2025-10-23 15:08:30.224] [info] [Worker 8] Using shared file buffer from Worker 0
[2025-10-23 15:08:30.224] [info] [Worker 4] Using shared file buffer from Worker 0
[2025-10-23 15:08:30.224] [info] [Worker 2] Using shared file buffer from Worker 0
[2025-10-23 15:08:30.224] [info] [Worker 2] Creating uWS::App...
[2025-10-23 15:08:30.224] [info] [Worker 7] Using shared file buffer from Worker 0
[2025-10-23 15:08:30.224] [info] [Worker 7] Creating uWS::App...
[2025-10-23 15:08:30.224] [info] [Worker 5] Using shared file buffer from Worker 0
[2025-10-23 15:08:30.224] [info] [Worker 5] Creating uWS::App...
[2025-10-23 15:08:30.224] [info] [Worker 0] File buffer shared successfully
[2025-10-23 15:08:30.224] [info] [Worker 0] Creating uWS::App...
[2025-10-23 15:08:30.224] [info] [Worker 9] Using shared file buffer from Worker 0
[2025-10-23 15:08:30.224] [info] [Worker 9] Creating uWS::App...
[2025-10-23 15:08:30.224] [info] [Worker 6] Using shared file buffer from Worker 0
[2025-10-23 15:08:30.224] [info] [Worker 6] Creating uWS::App...
[2025-10-23 15:08:30.224] [info] [Worker 8] Creating uWS::App...
[2025-10-23 15:08:30.224] [info] [Worker 4] Creating uWS::App...
[2025-10-23 15:08:30.224] [info] [Worker 1] Using shared file buffer from Worker 0
[2025-10-23 15:08:30.224] [info] [Worker 1] Creating uWS::App...
[2025-10-23 15:08:30.224] [info] [Worker 3] Using shared file buffer from Worker 0
[2025-10-23 15:08:30.224] [info] [Worker 3] Creating uWS::App...
[2025-10-23 15:08:30.224] [info] [Worker 9] Setting up routes...
[2025-10-23 15:08:30.224] [info] [Worker 0] Setting up routes...
[2025-10-23 15:08:30.224] [info] [Worker 1] Setting up routes...
[2025-10-23 15:08:30.224] [info] [Worker 4] Setting up routes...
[2025-10-23 15:08:30.224] [info] [Worker 8] Setting up routes...
[2025-10-23 15:08:30.224] [info] [Worker 9] Static file serving enabled from: /Users/alice/Work/queen/server/../webapp/dist
[2025-10-23 15:08:30.224] [info] [Worker 6] Setting up routes...
[2025-10-23 15:08:30.224] [info] [Worker 2] Setting up routes...
[2025-10-23 15:08:30.224] [info] [Worker 9] Routes configured
[2025-10-23 15:08:30.224] [info] [Worker 9] Registered with acceptor
[2025-10-23 15:08:30.224] [info] [Worker 8] Static file serving enabled from: /Users/alice/Work/queen/server/../webapp/dist
[2025-10-23 15:08:30.224] [info] [Worker 8] Routes configured
[2025-10-23 15:08:30.224] [info] [Worker 6] Static file serving enabled from: /Users/alice/Work/queen/server/../webapp/dist
[2025-10-23 15:08:30.224] [info] [Worker 1] Static file serving enabled from: /Users/alice/Work/queen/server/../webapp/dist
[2025-10-23 15:08:30.224] [info] [Worker 1] Routes configured
[2025-10-23 15:08:30.224] [info] [Worker 5] Setting up routes...
[2025-10-23 15:08:30.224] [info] [Worker 3] Setting up routes...
[2025-10-23 15:08:30.224] [info] [Worker 0] Static file serving enabled from: /Users/alice/Work/queen/server/../webapp/dist
[2025-10-23 15:08:30.224] [info] [Worker 6] Routes configured
[2025-10-23 15:08:30.224] [info] [Worker 4] Static file serving enabled from: /Users/alice/Work/queen/server/../webapp/dist
[2025-10-23 15:08:30.224] [info] [Worker 7] Setting up routes...
[2025-10-23 15:08:30.224] [info] [Worker 9] Event loop ready to receive adopted sockets from acceptor
[2025-10-23 15:08:30.224] [info] [Worker 2] Static file serving enabled from: /Users/alice/Work/queen/server/../webapp/dist
[2025-10-23 15:08:30.224] [info] [Worker 3] Static file serving enabled from: /Users/alice/Work/queen/server/../webapp/dist
[2025-10-23 15:08:30.224] [info] [Worker 8] Registered with acceptor
[2025-10-23 15:08:30.224] [info] [Worker 4] Routes configured
[2025-10-23 15:08:30.224] [info] [Worker 5] Static file serving enabled from: /Users/alice/Work/queen/server/../webapp/dist
[2025-10-23 15:08:30.224] [info] [Worker 8] Event loop ready to receive adopted sockets from acceptor
[2025-10-23 15:08:30.224] [info] [Worker 0] Routes configured
[2025-10-23 15:08:30.224] [info] [Worker 3] Routes configured
[2025-10-23 15:08:30.224] [info] [Worker 1] Registered with acceptor
[2025-10-23 15:08:30.224] [info] [Worker 7] Static file serving enabled from: /Users/alice/Work/queen/server/../webapp/dist
[2025-10-23 15:08:30.224] [info] [Worker 5] Routes configured
[2025-10-23 15:08:30.224] [info] [Worker 2] Routes configured
[2025-10-23 15:08:30.224] [info] [Worker 6] Registered with acceptor
[2025-10-23 15:08:30.224] [info] [Worker 7] Routes configured
[2025-10-23 15:08:30.224] [info] [Worker 1] Event loop ready to receive adopted sockets from acceptor
[2025-10-23 15:08:30.224] [info] [Worker 4] Registered with acceptor
[2025-10-23 15:08:30.224] [info] [Worker 0] Registered with acceptor
[2025-10-23 15:08:30.224] [info] [Worker 6] Event loop ready to receive adopted sockets from acceptor
[2025-10-23 15:08:30.224] [info] [Worker 3] Registered with acceptor
[2025-10-23 15:08:30.224] [info] [Worker 4] Event loop ready to receive adopted sockets from acceptor
[2025-10-23 15:08:30.224] [info] [Worker 5] Registered with acceptor
[2025-10-23 15:08:30.224] [info] [Worker 0] Event loop ready to receive adopted sockets from acceptor
[2025-10-23 15:08:30.224] [info] [Worker 3] Event loop ready to receive adopted sockets from acceptor
[2025-10-23 15:08:30.224] [info] [Worker 2] Registered with acceptor
[2025-10-23 15:08:30.224] [info] [Worker 5] Event loop ready to receive adopted sockets from acceptor
[2025-10-23 15:08:30.224] [info] [Worker 7] Registered with acceptor
[2025-10-23 15:08:30.225] [info] [Worker 2] Event loop ready to receive adopted sockets from acceptor
[2025-10-23 15:08:30.225] [info] [Worker 7] Event loop ready to receive adopted sockets from acceptor
[2025-10-23 15:08:30.252] [info] All 10 workers initialized in 321ms
[2025-10-23 15:08:30.252] [info] Creating acceptor app...
[2025-10-23 15:08:30.252] [info] Registered 10 worker apps with acceptor
[2025-10-23 15:08:30.252] [info] Acceptor listening on 0.0.0.0:6632
[2025-10-23 15:08:30.252] [info] Round-robin load balancing across 10 workers
[2025-10-23 15:08:30.252] [info] Starting acceptor event loop...
[2025-10-23 15:09:01.008] [info] Received signal 15, shutting down...
[2025-10-23 15:09:01.008] [info] Exiting (worker threads will be terminated by OS)
