[2025-10-23 14:40:33.523] [info] Queen C++ Message Queue Server (Acceptor/Worker Pattern)
[2025-10-23 14:40:33.524] [info] Configuration:
[2025-10-23 14:40:33.524] [info]   - Host: 0.0.0.0
[2025-10-23 14:40:33.524] [info]   - Port: 6632
[2025-10-23 14:40:33.524] [info]   - Database: localhost:5432/postgres
[2025-10-23 14:40:33.524] [info]   - Pattern: Acceptor distributes to workers (cross-platform)
[2025-10-23 14:40:33.524] [warning] Encryption disabled - QUEEN_ENCRYPTION_KEY not set
[2025-10-23 14:40:33.524] [info] Encryption: disabled
[2025-10-23 14:40:33.524] [info] Starting acceptor/worker pattern with 10 workers (hardware cores: 10)
[2025-10-23 14:40:33.524] [info] [Worker 0] Starting...
[2025-10-23 14:40:33.524] [info] [Worker 1] Starting...
[2025-10-23 14:40:33.524] [info] [Worker 5] Starting...
[2025-10-23 14:40:33.524] [info] [Worker 6] Starting...
[2025-10-23 14:40:33.524] [info] [Worker 8] Starting...
[2025-10-23 14:40:33.524] [info] [Worker 3] Starting...
[2025-10-23 14:40:33.524] [info] [Worker 9] Starting...
[2025-10-23 14:40:33.524] [info] [Worker 2] Starting...
[2025-10-23 14:40:33.524] [info] [Worker 4] Starting...
[2025-10-23 14:40:33.524] [info] Waiting for workers to initialize...
[2025-10-23 14:40:33.524] [info] [Worker 7] Starting...
[2025-10-23 14:40:33.722] [error] Failed to create initial database connection: Failed to connect to database: connection to server at "localhost" (::1), port 5432 failed: FATAL:  sorry, too many clients already

[2025-10-23 14:40:33.723] [error] Failed to create initial database connection: Failed to connect to database: connection to server at "localhost" (::1), port 5432 failed: FATAL:  sorry, too many clients already

[2025-10-23 14:40:33.723] [error] Failed to create initial database connection: Failed to connect to database: connection to server at "localhost" (::1), port 5432 failed: FATAL:  sorry, too many clients already

[2025-10-23 14:40:33.724] [error] Failed to create initial database connection: Failed to connect to database: connection to server at "localhost" (::1), port 5432 failed: FATAL:  sorry, too many clients already

[2025-10-23 14:40:33.728] [error] Failed to create initial database connection: Failed to connect to database: connection to server at "localhost" (::1), port 5432 failed: FATAL:  sorry, too many clients already

[2025-10-23 14:40:33.729] [error] Failed to create initial database connection: Failed to connect to database: connection to server at "localhost" (::1), port 5432 failed: FATAL:  sorry, too many clients already

[2025-10-23 14:40:33.729] [error] Failed to create initial database connection: Failed to connect to database: connection to server at "localhost" (::1), port 5432 failed: FATAL:  sorry, too many clients already

[2025-10-23 14:40:33.729] [error] Failed to create initial database connection: Failed to connect to database: connection to server at "localhost" (::1), port 5432 failed: FATAL:  sorry, too many clients already

[2025-10-23 14:40:33.729] [error] Failed to create initial database connection: Failed to connect to database: connection to server at "localhost" (::1), port 5432 failed: FATAL:  sorry, too many clients already

[2025-10-23 14:40:33.730] [error] Failed to create initial database connection: Failed to connect to database: connection to server at "localhost" (::1), port 5432 failed: FATAL:  sorry, too many clients already

[2025-10-23 14:40:33.731] [error] Failed to create initial database connection: Failed to connect to database: connection to server at "localhost" (::1), port 5432 failed: FATAL:  sorry, too many clients already

[2025-10-23 14:40:33.732] [error] Failed to create initial database connection: Failed to connect to database: connection to server at "localhost" (::1), port 5432 failed: FATAL:  sorry, too many clients already

[2025-10-23 14:40:33.732] [error] Failed to create initial database connection: Failed to connect to database: connection to server at "localhost" (::1), port 5432 failed: FATAL:  sorry, too many clients already

[2025-10-23 14:40:33.736] [error] Failed to create initial database connection: Failed to connect to database: connection to server at "localhost" (::1), port 5432 failed: FATAL:  sorry, too many clients already

[2025-10-23 14:40:33.736] [error] Failed to create initial database connection: Failed to connect to database: connection to server at "localhost" (::1), port 5432 failed: FATAL:  sorry, too many clients already

[2025-10-23 14:40:33.737] [error] Failed to create initial database connection: Failed to connect to database: connection to server at "localhost" (::1), port 5432 failed: FATAL:  sorry, too many clients already

[2025-10-23 14:40:33.737] [error] Failed to create initial database connection: Failed to connect to database: connection to server at "localhost" (::1), port 5432 failed: FATAL:  sorry, too many clients already

[2025-10-23 14:40:33.738] [error] Failed to create initial database connection: Failed to connect to database: connection to server at "localhost" (::1), port 5432 failed: FATAL:  sorry, too many clients already

[2025-10-23 14:40:33.738] [error] Failed to create initial database connection: Failed to connect to database: connection to server at "localhost" (::1), port 5432 failed: FATAL:  sorry, too many clients already

[2025-10-23 14:40:33.739] [error] Failed to create initial database connection: Failed to connect to database: connection to server at "localhost" (::1), port 5432 failed: FATAL:  sorry, too many clients already

[2025-10-23 14:40:33.739] [error] Failed to create initial database connection: Failed to connect to database: connection to server at "localhost" (::1), port 5432 failed: FATAL:  sorry, too many clients already

[2025-10-23 14:40:33.739] [error] Failed to create initial database connection: Failed to connect to database: connection to server at "localhost" (::1), port 5432 failed: FATAL:  sorry, too many clients already

[2025-10-23 14:40:33.739] [error] Failed to create initial database connection: Failed to connect to database: connection to server at "localhost" (::1), port 5432 failed: FATAL:  sorry, too many clients already

[2025-10-23 14:40:33.742] [error] Failed to create initial database connection: Failed to connect to database: connection to server at "localhost" (::1), port 5432 failed: FATAL:  sorry, too many clients already

[2025-10-23 14:40:33.742] [error] Failed to create initial database connection: Failed to connect to database: connection to server at "localhost" (::1), port 5432 failed: FATAL:  sorry, too many clients already

[2025-10-23 14:40:33.743] [error] Failed to create initial database connection: Failed to connect to database: connection to server at "localhost" (::1), port 5432 failed: FATAL:  sorry, too many clients already

[2025-10-23 14:40:33.743] [error] Failed to create initial database connection: Failed to connect to database: connection to server at "localhost" (::1), port 5432 failed: FATAL:  sorry, too many clients already

[2025-10-23 14:40:33.745] [error] Failed to create initial database connection: Failed to connect to database: connection to server at "localhost" (::1), port 5432 failed: FATAL:  sorry, too many clients already

[2025-10-23 14:40:33.745] [error] Failed to create initial database connection: Failed to connect to database: connection to server at "localhost" (::1), port 5432 failed: FATAL:  sorry, too many clients already

[2025-10-23 14:40:33.746] [error] Failed to create initial database connection: Failed to connect to database: connection to server at "localhost" (::1), port 5432 failed: FATAL:  sorry, too many clients already

[2025-10-23 14:40:33.746] [error] Failed to create initial database connection: Failed to connect to database: connection to server at "localhost" (::1), port 5432 failed: FATAL:  sorry, too many clients already

[2025-10-23 14:40:33.747] [error] Failed to create initial database connection: Failed to connect to database: connection to server at "localhost" (::1), port 5432 failed: FATAL:  sorry, too many clients already

[2025-10-23 14:40:33.747] [error] Failed to create initial database connection: Failed to connect to database: connection to server at "localhost" (::1), port 5432 failed: FATAL:  sorry, too many clients already

[2025-10-23 14:40:33.748] [error] Failed to create initial database connection: Failed to connect to database: connection to server at "localhost" (::1), port 5432 failed: FATAL:  sorry, too many clients already

[2025-10-23 14:40:33.748] [error] Failed to create initial database connection: Failed to connect to database: connection to server at "localhost" (::1), port 5432 failed: FATAL:  sorry, too many clients already

[2025-10-23 14:40:33.748] [info] Database pool initialized with 10/15 connections (acquisition timeout: 10000ms, statement timeout: 30000ms)
[2025-10-23 14:40:33.749] [error] Failed to create initial database connection: Failed to connect to database: connection to server at "localhost" (::1), port 5432 failed: FATAL:  sorry, too many clients already

[2025-10-23 14:40:33.751] [info] Pool below target (10/15), attempting to create 5 connections
[2025-10-23 14:40:33.751] [error] Failed to create initial database connection: Failed to connect to database: connection to server at "localhost" (::1), port 5432 failed: FATAL:  sorry, too many clients already

[2025-10-23 14:40:33.751] [error] Failed to create initial database connection: Failed to connect to database: connection to server at "localhost" (::1), port 5432 failed: FATAL:  sorry, too many clients already

[2025-10-23 14:40:33.751] [error] Failed to create initial database connection: Failed to connect to database: connection to server at "localhost" (::1), port 5432 failed: FATAL:  sorry, too many clients already

[2025-10-23 14:40:33.751] [error] Failed to create initial database connection: Failed to connect to database: connection to server at "localhost" (::1), port 5432 failed: FATAL:  sorry, too many clients already

[2025-10-23 14:40:33.752] [error] Failed to create initial database connection: Failed to connect to database: connection to server at "localhost" (::1), port 5432 failed: FATAL:  sorry, too many clients already

[2025-10-23 14:40:33.752] [error] Failed to create initial database connection: Failed to connect to database: connection to server at "localhost" (::1), port 5432 failed: FATAL:  sorry, too many clients already

[2025-10-23 14:40:33.753] [error] Failed to create initial database connection: Failed to connect to database: connection to server at "localhost" (::1), port 5432 failed: FATAL:  sorry, too many clients already

[2025-10-23 14:40:33.753] [info] Database pool initialized with 9/15 connections (acquisition timeout: 10000ms, statement timeout: 30000ms)
[2025-10-23 14:40:33.754] [error] Failed to create initial database connection: Failed to connect to database: connection to server at "localhost" (::1), port 5432 failed: FATAL:  sorry, too many clients already

[2025-10-23 14:40:33.754] [info] Pool below target (9/15), attempting to create 6 connections
[2025-10-23 14:40:33.756] [error] Failed to create initial database connection: Failed to connect to database: connection to server at "localhost" (::1), port 5432 failed: FATAL:  sorry, too many clients already

[2025-10-23 14:40:33.756] [info] Database pool initialized with 9/15 connections (acquisition timeout: 10000ms, statement timeout: 30000ms)
[2025-10-23 14:40:33.756] [info] Pool below target (9/15), attempting to create 6 connections
[2025-10-23 14:40:33.758] [error] Failed to create initial database connection: Failed to connect to database: connection to server at "localhost" (::1), port 5432 failed: FATAL:  sorry, too many clients already

[2025-10-23 14:40:33.758] [info] Database pool initialized with 10/15 connections (acquisition timeout: 10000ms, statement timeout: 30000ms)
[2025-10-23 14:40:33.758] [error] Failed to create initial database connection: Failed to connect to database: connection to server at "localhost" (::1), port 5432 failed: FATAL:  sorry, too many clients already

[2025-10-23 14:40:33.758] [info] Database pool initialized with 9/15 connections (acquisition timeout: 10000ms, statement timeout: 30000ms)
[2025-10-23 14:40:33.758] [info] [Worker 7] Database connection: OK | Pool: 10/10 conn available
[2025-10-23 14:40:33.758] [info] [Worker 7] Waiting for shared file buffer from Worker 0...
[2025-10-23 14:40:33.759] [info] Pool below target (9/15), attempting to create 6 connections
[2025-10-23 14:40:33.759] [info] Pool below target (10/15), attempting to create 5 connections
[2025-10-23 14:40:33.760] [error] Failed to create initial database connection: Failed to connect to database: connection to server at "localhost" (::1), port 5432 failed: FATAL:  sorry, too many clients already

[2025-10-23 14:40:33.760] [info] Database pool initialized with 10/15 connections (acquisition timeout: 10000ms, statement timeout: 30000ms)
[2025-10-23 14:40:33.760] [info] [Worker 8] Database connection: OK | Pool: 9/9 conn available
[2025-10-23 14:40:33.760] [info] [Worker 8] Waiting for shared file buffer from Worker 0...
[2025-10-23 14:40:33.760] [error] Failed to create initial database connection: Failed to connect to database: connection to server at "localhost" (::1), port 5432 failed: FATAL:  sorry, too many clients already

[2025-10-23 14:40:33.760] [info] Database pool initialized with 10/15 connections (acquisition timeout: 10000ms, statement timeout: 30000ms)
[2025-10-23 14:40:33.760] [info] [Worker 3] Database connection: OK | Pool: 9/9 conn available
[2025-10-23 14:40:33.760] [info] [Worker 3] Waiting for shared file buffer from Worker 0...
[2025-10-23 14:40:33.760] [error] Failed to create initial database connection: Failed to connect to database: connection to server at "localhost" (::1), port 5432 failed: FATAL:  sorry, too many clients already

[2025-10-23 14:40:33.760] [error] Failed to create initial database connection: Failed to connect to database: connection to server at "localhost" (::1), port 5432 failed: FATAL:  sorry, too many clients already

[2025-10-23 14:40:33.760] [info] Database pool initialized with 10/15 connections (acquisition timeout: 10000ms, statement timeout: 30000ms)
[2025-10-23 14:40:33.760] [info] Pool below target (10/15), attempting to create 5 connections
[2025-10-23 14:40:33.760] [info] Pool below target (10/15), attempting to create 5 connections
[2025-10-23 14:40:33.761] [info] Pool below target (10/15), attempting to create 5 connections
[2025-10-23 14:40:33.761] [error] Failed to create initial database connection: Failed to connect to database: connection to server at "localhost" (::1), port 5432 failed: FATAL:  sorry, too many clients already

[2025-10-23 14:40:33.761] [info] Database pool initialized with 10/15 connections (acquisition timeout: 10000ms, statement timeout: 30000ms)
[2025-10-23 14:40:33.762] [info] Pool below target (10/15), attempting to create 5 connections
[2025-10-23 14:40:33.763] [info] [Worker 4] Database connection: OK | Pool: 9/9 conn available
[2025-10-23 14:40:33.763] [info] [Worker 4] Waiting for shared file buffer from Worker 0...
[2025-10-23 14:40:33.764] [error] Failed to create initial database connection: Failed to connect to database: connection to server at "localhost" (::1), port 5432 failed: FATAL:  sorry, too many clients already

[2025-10-23 14:40:33.764] [info] Database pool initialized with 10/15 connections (acquisition timeout: 10000ms, statement timeout: 30000ms)
[2025-10-23 14:40:33.764] [info] [Worker 9] Database connection: OK | Pool: 10/10 conn available
[2025-10-23 14:40:33.764] [info] [Worker 9] Waiting for shared file buffer from Worker 0...
[2025-10-23 14:40:33.764] [info] [Worker 1] Database connection: OK | Pool: 10/10 conn available
[2025-10-23 14:40:33.764] [info] [Worker 1] Waiting for shared file buffer from Worker 0...
[2025-10-23 14:40:33.764] [info] [Worker 0] Database connection: OK | Pool: 10/10 conn available
[2025-10-23 14:40:33.764] [info] [Worker 0] Initializing database schema...
[2025-10-23 14:40:33.764] [info] Pool below target (10/15), attempting to create 5 connections
[2025-10-23 14:40:33.765] [info] [Worker 5] Database connection: OK | Pool: 10/10 conn available
[2025-10-23 14:40:33.765] [info] [Worker 5] Waiting for shared file buffer from Worker 0...
NOTICE:  schema "queen" already exists, skipping
[2025-10-23 14:40:33.766] [info] [Worker 6] Database connection: OK | Pool: 10/10 conn available
[2025-10-23 14:40:33.766] [info] [Worker 6] Waiting for shared file buffer from Worker 0...
NOTICE:  relation "queues" already exists, skipping
NOTICE:  relation "partitions" already exists, skipping
NOTICE:  relation "messages" already exists, skipping
NOTICE:  relation "partition_consumers" already exists, skipping
[2025-10-23 14:40:33.767] [info] [Worker 2] Database connection: OK | Pool: 10/10 conn available
[2025-10-23 14:40:33.767] [info] [Worker 2] Waiting for shared file buffer from Worker 0...
NOTICE:  relation "messages_consumed" already exists, skipping
NOTICE:  relation "dead_letter_queue" already exists, skipping
NOTICE:  relation "retention_history" already exists, skipping
NOTICE:  relation "idx_queues_name" already exists, skipping
NOTICE:  relation "idx_queues_priority" already exists, skipping
NOTICE:  relation "idx_queues_namespace" already exists, skipping
NOTICE:  relation "idx_queues_task" already exists, skipping
NOTICE:  relation "idx_queues_namespace_task" already exists, skipping
NOTICE:  relation "idx_queues_retention_enabled" already exists, skipping
NOTICE:  relation "idx_partitions_queue_name" already exists, skipping
NOTICE:  relation "idx_partitions_last_activity" already exists, skipping
NOTICE:  relation "idx_messages_partition_created_id" already exists, skipping
NOTICE:  relation "idx_messages_transaction_id" already exists, skipping
NOTICE:  relation "idx_messages_trace_id" already exists, skipping
NOTICE:  relation "idx_messages_created_at" already exists, skipping
NOTICE:  relation "idx_partition_consumers_lookup" already exists, skipping
NOTICE:  relation "idx_partition_consumers_active_leases" already exists, skipping
NOTICE:  relation "idx_partition_consumers_expired_leases" already exists, skipping
NOTICE:  relation "idx_partition_consumers_progress" already exists, skipping
NOTICE:  relation "idx_partition_consumers_idle" already exists, skipping
NOTICE:  relation "idx_partition_consumers_consumer_group" already exists, skipping
NOTICE:  relation "idx_messages_consumed_acked_at" already exists, skipping
NOTICE:  relation "idx_messages_consumed_partition_acked" already exists, skipping
NOTICE:  relation "idx_messages_consumed_consumer_acked" already exists, skipping
NOTICE:  relation "idx_messages_consumed_partition_id" already exists, skipping
NOTICE:  relation "idx_dlq_partition" already exists, skipping
NOTICE:  relation "idx_dlq_consumer_group" already exists, skipping
NOTICE:  relation "idx_dlq_failed_at" already exists, skipping
NOTICE:  relation "idx_dlq_message_consumer" already exists, skipping
NOTICE:  relation "idx_retention_history_partition" already exists, skipping
NOTICE:  relation "idx_retention_history_executed" already exists, skipping
[2025-10-23 14:40:33.771] [info] Database indexes created successfully
[2025-10-23 14:40:33.777] [info] Database triggers created successfully
[2025-10-23 14:40:33.777] [info] Database schema V3 initialized successfully (tables, indexes, triggers)
[2025-10-23 14:40:33.777] [info] Pool below target (10/15), attempting to create 5 connections
[2025-10-23 14:40:33.779] [info] [Worker 0] Creating SHARED file buffer manager (dir=/tmp/queen)...
[2025-10-23 14:40:33.779] [info] FileBufferManager initializing: dir=/tmp/queen, recovery=true
[2025-10-23 14:40:33.779] [info] Buffer directories ready: /tmp/queen
[2025-10-23 14:40:33.779] [info] Starting recovery of buffered events...
[2025-10-23 14:40:33.779] [info] Deleting incomplete buffer file: qos0_019a10d1-97ea-7000-ad52-5e56c50493bc.buf.tmp (only 0 bytes)
[2025-10-23 14:40:33.779] [info] Deleting incomplete buffer file: failover_019a10d1-97ea-7001-b4f1-5d3ecf019632.buf.tmp (only 0 bytes)
[2025-10-23 14:40:33.779] [info] Starting recovery (max 3600s to avoid blocking server startup)...
[2025-10-23 14:40:33.779] [info] Phase 1: Recovering failover events (FIFO order)...
[2025-10-23 14:40:33.779] [info] Phase 2: Recovering QoS 0 events (batched)...
[2025-10-23 14:40:33.779] [info] Startup recovery completed in 0ms: failover=0, qos0=0
[2025-10-23 14:40:33.780] [info] Recovery complete
[2025-10-23 14:40:33.780] [info] Buffer files initialized successfully
[2025-10-23 14:40:33.780] [info] Background processor thread started
[2025-10-23 14:40:33.780] [info] FileBufferManager ready
[2025-10-23 14:40:33.780] [info] [Worker 0] File buffer ready - Pending: 0, Failed: 0, DB: healthy
[2025-10-23 14:40:33.780] [info] [Worker 0] Sharing file buffer with other workers...
[2025-10-23 14:40:33.780] [info] [Worker 7] Using shared file buffer from Worker 0
[2025-10-23 14:40:33.780] [info] [Worker 1] Using shared file buffer from Worker 0
[2025-10-23 14:40:33.780] [info] [Worker 1] Creating uWS::App...
[2025-10-23 14:40:33.780] [info] [Worker 8] Using shared file buffer from Worker 0
[2025-10-23 14:40:33.780] [info] [Worker 8] Creating uWS::App...
[2025-10-23 14:40:33.780] [info] [Worker 7] Creating uWS::App...
[2025-10-23 14:40:33.780] [info] [Worker 6] Using shared file buffer from Worker 0
[2025-10-23 14:40:33.780] [info] [Worker 6] Creating uWS::App...
[2025-10-23 14:40:33.780] [info] [Worker 5] Using shared file buffer from Worker 0
[2025-10-23 14:40:33.780] [info] [Worker 5] Creating uWS::App...
[2025-10-23 14:40:33.780] [info] [Worker 4] Using shared file buffer from Worker 0
[2025-10-23 14:40:33.780] [info] [Worker 4] Creating uWS::App...
[2025-10-23 14:40:33.780] [info] [Worker 9] Using shared file buffer from Worker 0
[2025-10-23 14:40:33.780] [info] [Worker 9] Creating uWS::App...
[2025-10-23 14:40:33.780] [info] [Worker 3] Using shared file buffer from Worker 0
[2025-10-23 14:40:33.780] [info] [Worker 3] Creating uWS::App...
[2025-10-23 14:40:33.780] [info] [Worker 2] Using shared file buffer from Worker 0
[2025-10-23 14:40:33.780] [info] [Worker 2] Creating uWS::App...
[2025-10-23 14:40:33.780] [info] [Worker 9] Setting up routes...
[2025-10-23 14:40:33.780] [info] [Worker 5] Setting up routes...
[2025-10-23 14:40:33.780] [info] [Worker 6] Setting up routes...
[2025-10-23 14:40:33.780] [info] [Worker 8] Setting up routes...
[2025-10-23 14:40:33.780] [info] [Worker 0] File buffer shared successfully
[2025-10-23 14:40:33.780] [info] [Worker 0] Creating uWS::App...
[2025-10-23 14:40:33.780] [info] [Worker 7] Setting up routes...
[2025-10-23 14:40:33.780] [info] [Worker 3] Setting up routes...
[2025-10-23 14:40:33.780] [info] [Worker 1] Setting up routes...
[2025-10-23 14:40:33.780] [info] [Worker 0] Setting up routes...
[2025-10-23 14:40:33.780] [info] [Worker 2] Setting up routes...
[2025-10-23 14:40:33.780] [info] [Worker 5] Static file serving enabled from: /Users/alice/Work/queen/server/../webapp/dist
[2025-10-23 14:40:33.780] [info] [Worker 5] Routes configured
[2025-10-23 14:40:33.780] [info] [Worker 5] Registered with acceptor
[2025-10-23 14:40:33.780] [info] [Worker 4] Setting up routes...
[2025-10-23 14:40:33.780] [info] [Worker 8] Static file serving enabled from: /Users/alice/Work/queen/server/../webapp/dist
[2025-10-23 14:40:33.780] [info] [Worker 9] Static file serving enabled from: /Users/alice/Work/queen/server/../webapp/dist
[2025-10-23 14:40:33.780] [info] [Worker 9] Routes configured
[2025-10-23 14:40:33.780] [info] [Worker 9] Registered with acceptor
[2025-10-23 14:40:33.780] [info] [Worker 1] Static file serving enabled from: /Users/alice/Work/queen/server/../webapp/dist
[2025-10-23 14:40:33.780] [info] [Worker 1] Routes configured
[2025-10-23 14:40:33.780] [info] [Worker 9] Event loop ready to receive adopted sockets from acceptor
[2025-10-23 14:40:33.780] [info] [Worker 8] Routes configured
[2025-10-23 14:40:33.780] [info] [Worker 3] Static file serving enabled from: /Users/alice/Work/queen/server/../webapp/dist
[2025-10-23 14:40:33.780] [info] [Worker 2] Static file serving enabled from: /Users/alice/Work/queen/server/../webapp/dist
[2025-10-23 14:40:33.780] [info] [Worker 6] Static file serving enabled from: /Users/alice/Work/queen/server/../webapp/dist
[2025-10-23 14:40:33.780] [info] [Worker 6] Routes configured
[2025-10-23 14:40:33.780] [info] [Worker 4] Static file serving enabled from: /Users/alice/Work/queen/server/../webapp/dist
[2025-10-23 14:40:33.780] [info] [Worker 4] Routes configured
[2025-10-23 14:40:33.780] [info] [Worker 1] Registered with acceptor
[2025-10-23 14:40:33.780] [info] [Worker 5] Event loop ready to receive adopted sockets from acceptor
[2025-10-23 14:40:33.780] [info] [Worker 8] Registered with acceptor
[2025-10-23 14:40:33.780] [info] [Worker 7] Static file serving enabled from: /Users/alice/Work/queen/server/../webapp/dist
[2025-10-23 14:40:33.780] [info] [Worker 6] Registered with acceptor
[2025-10-23 14:40:33.780] [info] [Worker 3] Routes configured
[2025-10-23 14:40:33.780] [info] [Worker 6] Event loop ready to receive adopted sockets from acceptor
[2025-10-23 14:40:33.780] [info] [Worker 1] Event loop ready to receive adopted sockets from acceptor
[2025-10-23 14:40:33.780] [info] [Worker 2] Routes configured
[2025-10-23 14:40:33.780] [info] [Worker 7] Routes configured
[2025-10-23 14:40:33.780] [info] [Worker 0] Static file serving enabled from: /Users/alice/Work/queen/server/../webapp/dist
[2025-10-23 14:40:33.780] [info] [Worker 4] Registered with acceptor
[2025-10-23 14:40:33.780] [info] [Worker 8] Event loop ready to receive adopted sockets from acceptor
[2025-10-23 14:40:33.780] [info] [Worker 3] Registered with acceptor
[2025-10-23 14:40:33.780] [info] [Worker 4] Event loop ready to receive adopted sockets from acceptor
[2025-10-23 14:40:33.780] [info] [Worker 3] Event loop ready to receive adopted sockets from acceptor
[2025-10-23 14:40:33.780] [info] [Worker 2] Registered with acceptor
[2025-10-23 14:40:33.780] [info] [Worker 0] Routes configured
[2025-10-23 14:40:33.780] [info] [Worker 7] Registered with acceptor
[2025-10-23 14:40:33.780] [info] [Worker 2] Event loop ready to receive adopted sockets from acceptor
[2025-10-23 14:40:33.780] [info] [Worker 0] Registered with acceptor
[2025-10-23 14:40:33.780] [info] [Worker 7] Event loop ready to receive adopted sockets from acceptor
[2025-10-23 14:40:33.780] [info] [Worker 0] Event loop ready to receive adopted sockets from acceptor
[2025-10-23 14:40:33.784] [info] All 10 workers initialized in 259ms
[2025-10-23 14:40:33.784] [info] Creating acceptor app...
[2025-10-23 14:40:33.784] [info] Registered 10 worker apps with acceptor
[2025-10-23 14:40:33.784] [info] Acceptor listening on 0.0.0.0:6632
[2025-10-23 14:40:33.784] [info] Round-robin load balancing across 10 workers
[2025-10-23 14:40:33.784] [info] Starting acceptor event loop...
[2025-10-23 14:40:43.939] [info] [Worker 5] Configuring queue: test-async-queue
[2025-10-23 14:40:43.976] [info] Pool below target (10/15), attempting to create 5 connections
[2025-10-23 14:40:43.995] [info] Refilled pool: 11/15
[2025-10-23 14:40:44.001] [info] Pool below target (11/15), attempting to create 4 connections
[2025-10-23 14:41:07.303] [info] Pool below target (10/15), attempting to create 5 connections
[2025-10-23 14:42:07.371] [info] Pool below target (10/15), attempting to create 5 connections
[2025-10-23 14:42:14.475] [info] Received signal 15, shutting down...
[2025-10-23 14:42:14.475] [info] Exiting (worker threads will be terminated by OS)
